app/build/intermediates/manifest_merge_blame_file/debug/processDebugMainManifest/manifest-merger-blame-debug-report.txt
1<?xml version="1.0" encoding="utf-8"?>
2<manifest xmlns:android="http://schemas.android.com/apk/res/android"
3    package="com.techy.groot.nfctools"
4    android:versionCode="1"
5    android:versionName="1.0" >
6
7    <uses-sdk
8        android:minSdkVersion="24"
9        android:targetSdkVersion="34" />
10
11    <uses-permission android:name="android.permission.NFC" />
11-->src/main/AndroidManifest.xml:5:5-62
11-->src/main/AndroidManifest.xml:5:22-59
12
13    <uses-feature
13-->src/main/AndroidManifest.xml:7:5-10:20
14        android:name="android.hardware.nfc"
14-->src/main/AndroidManifest.xml:8:9-44
15        android:required="true" >
15-->src/main/AndroidManifest.xml:9:9-32
16    </uses-feature>
17
18    <uses-permission android:name="android.permission.INTERNET" />
18-->[com.google.ai.client.generativeai:generativeai:0.1.1] AndroidManifest.xml:22:5-67
18-->[com.google.ai.client.generativeai:generativeai:0.1.1] AndroidManifest.xml:22:22-64
19
20    <permission
20-->[androidx.core:core:1.12.0] AndroidManifest.xml:22:5-24:47
21        android:name="com.techy.groot.nfctools.DYNAMIC_RECEIVER_NOT_EXPORTED_PERMISSION"
21-->[androidx.core:core:1.12.0] AndroidManifest.xml:23:9-81
22        android:protectionLevel="signature" />
22-->[androidx.core:core:1.12.0] AndroidManifest.xml:24:9-44
23
24    <uses-permission android:name="com.techy.groot.nfctools.DYNAMIC_RECEIVER_NOT_EXPORTED_PERMISSION" />
24-->[androidx.core:core:1.12.0] AndroidManifest.xml:26:5-97
24-->[androidx.core:core:1.12.0] AndroidManifest.xml:26:22-94
25
26    <application
26-->src/main/AndroidManifest.xml:12:5-43:19
27        android:allowBackup="true"
27-->src/main/AndroidManifest.xml:13:9-35
28        android:appComponentFactory="androidx.core.app.CoreComponentFactory"
28-->[androidx.core:core:1.12.0] AndroidManifest.xml:28:18-86
29        android:dataExtractionRules="@xml/data_extraction_rules"
29-->src/main/AndroidManifest.xml:14:9-65
30        android:debuggable="true"
31        android:extractNativeLibs="false"
32        android:fullBackupContent="@xml/backup_rules"
32-->src/main/AndroidManifest.xml:15:9-54
33        android:icon="@mipmap/ic_launcher"
33-->src/main/AndroidManifest.xml:16:9-43
34        android:label="@string/app_name"
34-->src/main/AndroidManifest.xml:17:9-41
35        android:roundIcon="@mipmap/ic_launcher_round"
35-->src/main/AndroidManifest.xml:18:9-54
36        android:theme="@style/Theme.NfcTools" >
36-->src/main/AndroidManifest.xml:19:9-46
37        <activity
37-->src/main/AndroidManifest.xml:21:9-42:20
38            android:name="com.techy.groot.nfctools.MainActivity"
38-->src/main/AndroidManifest.xml:22:13-41
39            android:exported="true"
39-->src/main/AndroidManifest.xml:23:13-36
40            android:theme="@style/Theme.NfcTools" >
40-->src/main/AndroidManifest.xml:24:13-50
41            <intent-filter>
41-->src/main/AndroidManifest.xml:25:13-28:29
42                <action android:name="android.intent.action.MAIN" />
42-->src/main/AndroidManifest.xml:26:17-69
42-->src/main/AndroidManifest.xml:26:25-66
43
44                <category android:name="android.intent.category.LAUNCHER" />
44-->src/main/AndroidManifest.xml:27:17-77
44-->src/main/AndroidManifest.xml:27:27-74
45            </intent-filter>
46            <intent-filter>
46-->src/main/AndroidManifest.xml:30:13-33:29
47                <action android:name="android.nfc.action.NDEF_DISCOVERED" />
47-->src/main/AndroidManifest.xml:31:17-77
47-->src/main/AndroidManifest.xml:31:25-74
48
49                <category android:name="android.intent.category.DEFAULT" />
49-->src/main/AndroidManifest.xml:32:17-76
49-->src/main/AndroidManifest.xml:32:27-73
50            </intent-filter>
51            <intent-filter>
51-->src/main/AndroidManifest.xml:35:13-37:29
52                <action android:name="android.nfc.action.TECH_DISCOVERED" />
52-->src/main/AndroidManifest.xml:36:17-77
52-->src/main/AndroidManifest.xml:36:25-74
53            </intent-filter>
54
55            <meta-data
55-->src/main/AndroidManifest.xml:39:13-41:56
56                android:name="android.nfc.action.TECH_DISCOVERED"
56-->src/main/AndroidManifest.xml:40:17-66
57                android:resource="@xml/technologies" />
57-->src/main/AndroidManifest.xml:41:17-53
58        </activity>
59        <activity
59-->[androidx.compose.ui:ui-tooling-android:1.5.4] AndroidManifest.xml:23:9-25:39
60            android:name="androidx.compose.ui.tooling.PreviewActivity"
60-->[androidx.compose.ui:ui-tooling-android:1.5.4] AndroidManifest.xml:24:13-71
61            android:exported="true" />
61-->[androidx.compose.ui:ui-tooling-android:1.5.4] AndroidManifest.xml:25:13-36
62
63        <provider
63-->[androidx.emoji2:emoji2:1.4.0] AndroidManifest.xml:24:9-32:20
64            android:name="androidx.startup.InitializationProvider"
64-->[androidx.emoji2:emoji2:1.4.0] AndroidManifest.xml:25:13-67
65            android:authorities="com.techy.groot.nfctools.androidx-startup"
65-->[androidx.emoji2:emoji2:1.4.0] AndroidManifest.xml:26:13-68
66            android:exported="false" >
66-->[androidx.emoji2:emoji2:1.4.0] AndroidManifest.xml:27:13-37
67            <meta-data
67-->[androidx.emoji2:emoji2:1.4.0] AndroidManifest.xml:29:13-31:52
68                android:name="androidx.emoji2.text.EmojiCompatInitializer"
68-->[androidx.emoji2:emoji2:1.4.0] AndroidManifest.xml:30:17-75
69                android:value="androidx.startup" />
69-->[androidx.emoji2:emoji2:1.4.0] AndroidManifest.xml:31:17-49
70            <meta-data
70-->[androidx.lifecycle:lifecycle-process:2.6.2] AndroidManifest.xml:29:13-31:52
71                android:name="androidx.lifecycle.ProcessLifecycleInitializer"
71-->[androidx.lifecycle:lifecycle-process:2.6.2] AndroidManifest.xml:30:17-78
72                android:value="androidx.startup" />
72-->[androidx.lifecycle:lifecycle-process:2.6.2] AndroidManifest.xml:31:17-49
73            <meta-data
73-->[androidx.profileinstaller:profileinstaller:1.3.1] AndroidManifest.xml:29:13-31:52
74                android:name="androidx.profileinstaller.ProfileInstallerInitializer"
74-->[androidx.profileinstaller:profileinstaller:1.3.1] AndroidManifest.xml:30:17-85
75                android:value="androidx.startup" />
75-->[androidx.profileinstaller:profileinstaller:1.3.1] AndroidManifest.xml:31:17-49
76        </provider>
77
78        <activity
78-->[androidx.compose.ui:ui-test-manifest:1.5.4] AndroidManifest.xml:23:9-25:39
79            android:name="androidx.activity.ComponentActivity"
79-->[androidx.compose.ui:ui-test-manifest:1.5.4] AndroidManifest.xml:24:13-63
80            android:exported="true" />
80-->[androidx.compose.ui:ui-test-manifest:1.5.4] AndroidManifest.xml:25:13-36
81
82        <receiver
82-->[androidx.profileinstaller:profileinstaller:1.3.1] AndroidManifest.xml:34:9-52:20
83            android:name="androidx.profileinstaller.ProfileInstallReceiver"
83-->[androidx.profileinstaller:profileinstaller:1.3.1] AndroidManifest.xml:35:13-76
84            android:directBootAware="false"
84-->[androidx.profileinstaller:profileinstaller:1.3.1] AndroidManifest.xml:36:13-44
85            android:enabled="true"
85-->[androidx.profileinstaller:profileinstaller:1.3.1] AndroidManifest.xml:37:13-35
86            android:exported="true"
86-->[androidx.profileinstaller:profileinstaller:1.3.1] AndroidManifest.xml:38:13-36
87            android:permission="android.permission.DUMP" >
87-->[androidx.profileinstaller:profileinstaller:1.3.1] AndroidManifest.xml:39:13-57
88            <intent-filter>
88-->[androidx.profileinstaller:profileinstaller:1.3.1] AndroidManifest.xml:40:13-42:29
89                <action android:name="androidx.profileinstaller.action.INSTALL_PROFILE" />
89-->[androidx.profileinstaller:profileinstaller:1.3.1] AndroidManifest.xml:41:17-91
89-->[androidx.profileinstaller:profileinstaller:1.3.1] AndroidManifest.xml:41:25-88
90            </intent-filter>
91            <intent-filter>
91-->[androidx.profileinstaller:profileinstaller:1.3.1] AndroidManifest.xml:43:13-45:29
92                <action android:name="androidx.profileinstaller.action.SKIP_FILE" />
92-->[androidx.profileinstaller:profileinstaller:1.3.1] AndroidManifest.xml:44:17-85
92-->[androidx.profileinstaller:profileinstaller:1.3.1] AndroidManifest.xml:44:25-82
93            </intent-filter>
94            <intent-filter>
94-->[androidx.profileinstaller:profileinstaller:1.3.1] AndroidManifest.xml:46:13-48:29
95                <action android:name="androidx.profileinstaller.action.SAVE_PROFILE" />
95-->[androidx.profileinstaller:profileinstaller:1.3.1] AndroidManifest.xml:47:17-88
95-->[androidx.profileinstaller:profileinstaller:1.3.1] AndroidManifest.xml:47:25-85
96            </intent-filter>
97            <intent-filter>
97-->[androidx.profileinstaller:profileinstaller:1.3.1] AndroidManifest.xml:49:13-51:29
98                <action android:name="androidx.profileinstaller.action.BENCHMARK_OPERATION" />
98-->[androidx.profileinstaller:profileinstaller:1.3.1] AndroidManifest.xml:50:17-95
98-->[androidx.profileinstaller:profileinstaller:1.3.1] AndroidManifest.xml:50:25-92
99            </intent-filter>
100        </receiver>
101    </application>
102
103</manifest>